2026-01-08 20:18:03,305 - INFO - ============================================================
2026-01-08 20:18:03,306 - INFO - 启动多因子预警系统
2026-01-08 20:18:03,306 - INFO - ============================================================
2026-01-08 20:18:03,306 - INFO - 配置文件加载成功
2026-01-08 20:18:03,458 - INFO - 多因子预警表创建成功
2026-01-08 20:18:03,458 - INFO - 开始分析 7 只股票的预警
2026-01-08 20:18:03,458 - INFO - 
============================================================
2026-01-08 20:18:03,458 - INFO - 分析股票预警: 洪城环境(600461)
2026-01-08 20:18:03,458 - INFO - ============================================================
2026-01-08 20:18:03,468 - ERROR - 检查价格预警失败: 1054 (42S22): Unknown column '昨收' in 'field list'
2026-01-08 20:18:03,498 - INFO - 保存预警: 洪城环境(600461) - RSI超卖: 18.31
2026-01-08 20:18:03,498 - INFO - 完成预警分析, 发现 1 条预警
2026-01-08 20:18:03,502 - INFO - 
============================================================
2026-01-08 20:18:03,502 - INFO - 分析股票预警: 同仁堂(600085)
2026-01-08 20:18:03,502 - INFO - ============================================================
2026-01-08 20:18:03,504 - ERROR - 检查价格预警失败: 1054 (42S22): Unknown column '昨收' in 'field list'
2026-01-08 20:18:03,515 - INFO - 完成预警分析, 发现 0 条预警
2026-01-08 20:18:03,515 - INFO - 
============================================================
2026-01-08 20:18:03,515 - INFO - 分析股票预警: 马应龙(600993)
2026-01-08 20:18:03,515 - INFO - ============================================================
2026-01-08 20:18:03,518 - ERROR - 检查价格预警失败: 1054 (42S22): Unknown column '昨收' in 'field list'
2026-01-08 20:18:03,528 - INFO - 完成预警分析, 发现 0 条预警
2026-01-08 20:18:03,529 - INFO - 
============================================================
2026-01-08 20:18:03,529 - INFO - 分析股票预警: 盘龙药业(002864)
2026-01-08 20:18:03,529 - INFO - ============================================================
2026-01-08 20:18:03,532 - ERROR - 检查价格预警失败: 1054 (42S22): Unknown column '昨收' in 'field list'
2026-01-08 20:18:03,554 - INFO - 保存预警: 盘龙药业(002864) - RSI超卖: 27.93
2026-01-08 20:18:03,554 - INFO - 完成预警分析, 发现 1 条预警
2026-01-08 20:18:03,554 - INFO - 
============================================================
2026-01-08 20:18:03,554 - INFO - 分析股票预警: 江西铜业(600362)
2026-01-08 20:18:03,554 - INFO - ============================================================
2026-01-08 20:18:03,558 - ERROR - 检查价格预警失败: 1054 (42S22): Unknown column '昨收' in 'field list'
2026-01-08 20:18:03,573 - INFO - 保存预警: 江西铜业(600362) - RSI超买: 88.59
2026-01-08 20:18:03,573 - INFO - 完成预警分析, 发现 1 条预警
2026-01-08 20:18:03,573 - INFO - 
============================================================
2026-01-08 20:18:03,573 - INFO - 分析股票预警: 东阿阿胶(000423)
2026-01-08 20:18:03,573 - INFO - ============================================================
2026-01-08 20:18:03,580 - ERROR - 检查价格预警失败: 1054 (42S22): Unknown column '昨收' in 'field list'
2026-01-08 20:18:03,589 - INFO - 完成预警分析, 发现 0 条预警
2026-01-08 20:18:03,589 - INFO - 
============================================================
2026-01-08 20:18:03,589 - INFO - 分析股票预警: 华润三九(000999)
2026-01-08 20:18:03,589 - INFO - ============================================================
2026-01-08 20:18:03,593 - ERROR - 检查价格预警失败: 1054 (42S22): Unknown column '昨收' in 'field list'
2026-01-08 20:18:03,602 - INFO - 完成预警分析, 发现 0 条预警
2026-01-08 20:18:03,602 - INFO - 
所有股票预警分析完成!
2026-01-08 20:18:03,602 - INFO - 多因子预警系统结束
