2026-01-13 23:55:56,110 - INFO - ============================================================
2026-01-13 23:55:56,110 - INFO - 启动GPR股价预测系统
2026-01-13 23:55:56,110 - INFO - ============================================================
2026-01-13 23:55:56,110 - INFO - 配置文件加载成功
2026-01-13 23:55:56,185 - INFO - GPR预测结果表创建成功
2026-01-13 23:55:56,185 - INFO - 开始预测 20 只股票
2026-01-13 23:55:56,185 - INFO - 
============================================================
2026-01-13 23:55:56,185 - INFO - 预测股票: 中芯国际(688981)
2026-01-13 23:55:56,185 - INFO - ============================================================
2026-01-13 23:55:56,211 - ERROR - 准备训练数据失败: 1054 (42S22): Unknown column 't.MA20' in 'field list'
2026-01-13 23:55:56,216 - WARNING - 股票 中芯国际 数据不足,无法预测
2026-01-13 23:55:56,216 - WARNING - 股票 中芯国际(688981) 预测失败
2026-01-13 23:55:56,216 - INFO - 
============================================================
2026-01-13 23:55:56,216 - INFO - 预测股票: 兆易创新(603986)
2026-01-13 23:55:56,216 - INFO - ============================================================
2026-01-13 23:55:56,221 - ERROR - 准备训练数据失败: 1054 (42S22): Unknown column 't.MA20' in 'field list'
2026-01-13 23:55:56,224 - WARNING - 股票 兆易创新 数据不足,无法预测
2026-01-13 23:55:56,224 - WARNING - 股票 兆易创新(603986) 预测失败
2026-01-13 23:55:56,224 - INFO - 
============================================================
2026-01-13 23:55:56,224 - INFO - 预测股票: 北京君正(300223)
2026-01-13 23:55:56,225 - INFO - ============================================================
2026-01-13 23:55:56,230 - ERROR - 准备训练数据失败: 1054 (42S22): Unknown column 't.MA20' in 'field list'
2026-01-13 23:55:56,231 - WARNING - 股票 北京君正 数据不足,无法预测
2026-01-13 23:55:56,231 - WARNING - 股票 北京君正(300223) 预测失败
2026-01-13 23:55:56,231 - INFO - 
============================================================
2026-01-13 23:55:56,232 - INFO - 预测股票: 北方华创(002371)
2026-01-13 23:55:56,232 - INFO - ============================================================
2026-01-13 23:55:56,238 - ERROR - 准备训练数据失败: 1054 (42S22): Unknown column 't.MA20' in 'field list'
2026-01-13 23:55:56,240 - WARNING - 股票 北方华创 数据不足,无法预测
2026-01-13 23:55:56,240 - WARNING - 股票 北方华创(002371) 预测失败
2026-01-13 23:55:56,240 - INFO - 
============================================================
2026-01-13 23:55:56,240 - INFO - 预测股票: 卓胜微(300782)
2026-01-13 23:55:56,240 - INFO - ============================================================
2026-01-13 23:55:56,246 - ERROR - 准备训练数据失败: 1054 (42S22): Unknown column 't.MA20' in 'field list'
2026-01-13 23:55:56,246 - WARNING - 股票 卓胜微 数据不足,无法预测
2026-01-13 23:55:56,246 - WARNING - 股票 卓胜微(300782) 预测失败
2026-01-13 23:55:56,249 - INFO - 
============================================================
2026-01-13 23:55:56,249 - INFO - 预测股票: 中微公司(688012)
2026-01-13 23:55:56,249 - INFO - ============================================================
2026-01-13 23:55:56,258 - ERROR - 准备训练数据失败: 1054 (42S22): Unknown column 't.MA20' in 'field list'
2026-01-13 23:55:56,259 - WARNING - 股票 中微公司 数据不足,无法预测
2026-01-13 23:55:56,259 - WARNING - 股票 中微公司(688012) 预测失败
2026-01-13 23:55:56,259 - INFO - 
============================================================
2026-01-13 23:55:56,260 - INFO - 预测股票: 科大讯飞(002230)
2026-01-13 23:55:56,260 - INFO - ============================================================
2026-01-13 23:55:56,266 - ERROR - 准备训练数据失败: 1054 (42S22): Unknown column 't.MA20' in 'field list'
2026-01-13 23:55:56,268 - WARNING - 股票 科大讯飞 数据不足,无法预测
2026-01-13 23:55:56,268 - WARNING - 股票 科大讯飞(002230) 预测失败
2026-01-13 23:55:56,268 - INFO - 
============================================================
2026-01-13 23:55:56,268 - INFO - 预测股票: 中科创达(300496)
2026-01-13 23:55:56,268 - INFO - ============================================================
2026-01-13 23:55:56,277 - ERROR - 准备训练数据失败: 1054 (42S22): Unknown column 't.MA20' in 'field list'
2026-01-13 23:55:56,277 - WARNING - 股票 中科创达 数据不足,无法预测
2026-01-13 23:55:56,277 - WARNING - 股票 中科创达(300496) 预测失败
2026-01-13 23:55:56,277 - INFO - 
============================================================
2026-01-13 23:55:56,277 - INFO - 预测股票: 海康威视(002415)
2026-01-13 23:55:56,277 - INFO - ============================================================
2026-01-13 23:55:56,293 - ERROR - 准备训练数据失败: 1054 (42S22): Unknown column 't.MA20' in 'field list'
2026-01-13 23:55:56,294 - WARNING - 股票 海康威视 数据不足,无法预测
2026-01-13 23:55:56,294 - WARNING - 股票 海康威视(002415) 预测失败
2026-01-13 23:55:56,295 - INFO - 
============================================================
2026-01-13 23:55:56,295 - INFO - 预测股票: 紫光股份(000938)
2026-01-13 23:55:56,295 - INFO - ============================================================
2026-01-13 23:55:56,305 - ERROR - 准备训练数据失败: 1054 (42S22): Unknown column 't.MA20' in 'field list'
2026-01-13 23:55:56,307 - WARNING - 股票 紫光股份 数据不足,无法预测
2026-01-13 23:55:56,307 - WARNING - 股票 紫光股份(000938) 预测失败
2026-01-13 23:55:56,307 - INFO - 
============================================================
2026-01-13 23:55:56,307 - INFO - 预测股票: 中科曙光(603019)
2026-01-13 23:55:56,307 - INFO - ============================================================
2026-01-13 23:55:56,312 - ERROR - 准备训练数据失败: 1054 (42S22): Unknown column 't.MA20' in 'field list'
2026-01-13 23:55:56,319 - WARNING - 股票 中科曙光 数据不足,无法预测
2026-01-13 23:55:56,319 - WARNING - 股票 中科曙光(603019) 预测失败
2026-01-13 23:55:56,319 - INFO - 
============================================================
2026-01-13 23:55:56,319 - INFO - 预测股票: 广联达(002410)
2026-01-13 23:55:56,319 - INFO - ============================================================
2026-01-13 23:55:56,329 - ERROR - 准备训练数据失败: 1054 (42S22): Unknown column 't.MA20' in 'field list'
2026-01-13 23:55:56,334 - WARNING - 股票 广联达 数据不足,无法预测
2026-01-13 23:55:56,334 - WARNING - 股票 广联达(002410) 预测失败
2026-01-13 23:55:56,334 - INFO - 
============================================================
2026-01-13 23:55:56,334 - INFO - 预测股票: 宁德时代(300750)
2026-01-13 23:55:56,334 - INFO - ============================================================
2026-01-13 23:55:56,344 - ERROR - 准备训练数据失败: 1054 (42S22): Unknown column 't.MA20' in 'field list'
2026-01-13 23:55:56,346 - WARNING - 股票 宁德时代 数据不足,无法预测
2026-01-13 23:55:56,346 - WARNING - 股票 宁德时代(300750) 预测失败
2026-01-13 23:55:56,346 - INFO - 
============================================================
2026-01-13 23:55:56,346 - INFO - 预测股票: 比亚迪(002594)
2026-01-13 23:55:56,346 - INFO - ============================================================
2026-01-13 23:55:56,353 - ERROR - 准备训练数据失败: 1054 (42S22): Unknown column 't.MA20' in 'field list'
2026-01-13 23:55:56,357 - WARNING - 股票 比亚迪 数据不足,无法预测
2026-01-13 23:55:56,359 - WARNING - 股票 比亚迪(002594) 预测失败
2026-01-13 23:55:56,359 - INFO - 
============================================================
2026-01-13 23:55:56,359 - INFO - 预测股票: 隆基绿能(601012)
2026-01-13 23:55:56,359 - INFO - ============================================================
2026-01-13 23:55:56,369 - ERROR - 准备训练数据失败: 1054 (42S22): Unknown column 't.MA20' in 'field list'
2026-01-13 23:55:56,369 - WARNING - 股票 隆基绿能 数据不足,无法预测
2026-01-13 23:55:56,370 - WARNING - 股票 隆基绿能(601012) 预测失败
2026-01-13 23:55:56,370 - INFO - 
============================================================
2026-01-13 23:55:56,370 - INFO - 预测股票: 阳光电源(300274)
2026-01-13 23:55:56,370 - INFO - ============================================================
2026-01-13 23:55:56,377 - ERROR - 准备训练数据失败: 1054 (42S22): Unknown column 't.MA20' in 'field list'
2026-01-13 23:55:56,380 - WARNING - 股票 阳光电源 数据不足,无法预测
2026-01-13 23:55:56,380 - WARNING - 股票 阳光电源(300274) 预测失败
2026-01-13 23:55:56,380 - INFO - 
============================================================
2026-01-13 23:55:56,380 - INFO - 预测股票: 招商银行(600036)
2026-01-13 23:55:56,380 - INFO - ============================================================
2026-01-13 23:55:56,391 - ERROR - 准备训练数据失败: 1054 (42S22): Unknown column 't.MA20' in 'field list'
2026-01-13 23:55:56,392 - WARNING - 股票 招商银行 数据不足,无法预测
2026-01-13 23:55:56,393 - WARNING - 股票 招商银行(600036) 预测失败
2026-01-13 23:55:56,393 - INFO - 
============================================================
2026-01-13 23:55:56,393 - INFO - 预测股票: 工商银行(601398)
2026-01-13 23:55:56,393 - INFO - ============================================================
2026-01-13 23:55:56,400 - ERROR - 准备训练数据失败: 1054 (42S22): Unknown column 't.MA20' in 'field list'
2026-01-13 23:55:56,401 - WARNING - 股票 工商银行 数据不足,无法预测
2026-01-13 23:55:56,401 - WARNING - 股票 工商银行(601398) 预测失败
2026-01-13 23:55:56,401 - INFO - 
============================================================
2026-01-13 23:55:56,401 - INFO - 预测股票: 中国联通(600050)
2026-01-13 23:55:56,402 - INFO - ============================================================
2026-01-13 23:55:56,410 - ERROR - 准备训练数据失败: 1054 (42S22): Unknown column 't.MA20' in 'field list'
2026-01-13 23:55:56,412 - WARNING - 股票 中国联通 数据不足,无法预测
2026-01-13 23:55:56,412 - WARNING - 股票 中国联通(600050) 预测失败
2026-01-13 23:55:56,412 - INFO - 
============================================================
2026-01-13 23:55:56,412 - INFO - 预测股票: 中国石油(601857)
2026-01-13 23:55:56,412 - INFO - ============================================================
2026-01-13 23:55:56,415 - ERROR - 准备训练数据失败: 1054 (42S22): Unknown column 't.MA20' in 'field list'
2026-01-13 23:55:56,421 - WARNING - 股票 中国石油 数据不足,无法预测
2026-01-13 23:55:56,421 - WARNING - 股票 中国石油(601857) 预测失败
2026-01-13 23:55:56,421 - INFO - 
所有股票预测完成!
2026-01-13 23:55:56,422 - INFO - GPR预测系统结束
2026-01-14 00:02:32,874 - INFO - ============================================================
2026-01-14 00:02:32,874 - INFO - 启动GPR股价预测系统
2026-01-14 00:02:32,874 - INFO - ============================================================
2026-01-14 00:02:32,874 - INFO - 配置文件加载成功
2026-01-14 00:02:32,920 - INFO - GPR预测结果表创建成功
2026-01-14 00:02:32,921 - INFO - 开始预测 20 只股票
2026-01-14 00:02:32,921 - INFO - 
============================================================
2026-01-14 00:02:32,921 - INFO - 预测股票: 中芯国际(688981)
2026-01-14 00:02:32,921 - INFO - ============================================================
2026-01-14 00:02:32,953 - ERROR - 准备训练数据失败: 1146 (42S02): Table 'stock_analysis.price_news_correlation' doesn't exist
2026-01-14 00:02:32,956 - WARNING - 股票 中芯国际 数据不足,无法预测
2026-01-14 00:02:32,956 - WARNING - 股票 中芯国际(688981) 预测失败
2026-01-14 00:02:32,956 - INFO - 
============================================================
2026-01-14 00:02:32,957 - INFO - 预测股票: 兆易创新(603986)
2026-01-14 00:02:32,957 - INFO - ============================================================
2026-01-14 00:02:32,972 - ERROR - 准备训练数据失败: 1146 (42S02): Table 'stock_analysis.price_news_correlation' doesn't exist
2026-01-14 00:02:32,973 - WARNING - 股票 兆易创新 数据不足,无法预测
2026-01-14 00:02:32,973 - WARNING - 股票 兆易创新(603986) 预测失败
2026-01-14 00:02:32,973 - INFO - 
============================================================
2026-01-14 00:02:32,973 - INFO - 预测股票: 北京君正(300223)
2026-01-14 00:02:32,974 - INFO - ============================================================
2026-01-14 00:02:32,988 - ERROR - 准备训练数据失败: 1146 (42S02): Table 'stock_analysis.price_news_correlation' doesn't exist
2026-01-14 00:02:32,989 - WARNING - 股票 北京君正 数据不足,无法预测
2026-01-14 00:02:32,989 - WARNING - 股票 北京君正(300223) 预测失败
2026-01-14 00:02:32,991 - INFO - 
============================================================
2026-01-14 00:02:32,991 - INFO - 预测股票: 北方华创(002371)
2026-01-14 00:02:32,991 - INFO - ============================================================
2026-01-14 00:02:33,006 - ERROR - 准备训练数据失败: 1146 (42S02): Table 'stock_analysis.price_news_correlation' doesn't exist
2026-01-14 00:02:33,007 - WARNING - 股票 北方华创 数据不足,无法预测
2026-01-14 00:02:33,008 - WARNING - 股票 北方华创(002371) 预测失败
2026-01-14 00:02:33,008 - INFO - 
============================================================
2026-01-14 00:02:33,008 - INFO - 预测股票: 卓胜微(300782)
2026-01-14 00:02:33,009 - INFO - ============================================================
2026-01-14 00:02:33,022 - ERROR - 准备训练数据失败: 1146 (42S02): Table 'stock_analysis.price_news_correlation' doesn't exist
2026-01-14 00:02:33,024 - WARNING - 股票 卓胜微 数据不足,无法预测
2026-01-14 00:02:33,024 - WARNING - 股票 卓胜微(300782) 预测失败
2026-01-14 00:02:33,024 - INFO - 
============================================================
2026-01-14 00:02:33,025 - INFO - 预测股票: 中微公司(688012)
2026-01-14 00:02:33,025 - INFO - ============================================================
2026-01-14 00:02:33,038 - ERROR - 准备训练数据失败: 1146 (42S02): Table 'stock_analysis.price_news_correlation' doesn't exist
2026-01-14 00:02:33,039 - WARNING - 股票 中微公司 数据不足,无法预测
2026-01-14 00:02:33,039 - WARNING - 股票 中微公司(688012) 预测失败
2026-01-14 00:02:33,040 - INFO - 
============================================================
2026-01-14 00:02:33,040 - INFO - 预测股票: 科大讯飞(002230)
2026-01-14 00:02:33,040 - INFO - ============================================================
2026-01-14 00:02:33,051 - ERROR - 准备训练数据失败: 1146 (42S02): Table 'stock_analysis.price_news_correlation' doesn't exist
2026-01-14 00:02:33,053 - WARNING - 股票 科大讯飞 数据不足,无法预测
2026-01-14 00:02:33,053 - WARNING - 股票 科大讯飞(002230) 预测失败
2026-01-14 00:02:33,053 - INFO - 
============================================================
2026-01-14 00:02:33,054 - INFO - 预测股票: 中科创达(300496)
2026-01-14 00:02:33,054 - INFO - ============================================================
2026-01-14 00:02:33,068 - ERROR - 准备训练数据失败: 1146 (42S02): Table 'stock_analysis.price_news_correlation' doesn't exist
2026-01-14 00:02:33,069 - WARNING - 股票 中科创达 数据不足,无法预测
2026-01-14 00:02:33,069 - WARNING - 股票 中科创达(300496) 预测失败
2026-01-14 00:02:33,069 - INFO - 
============================================================
2026-01-14 00:02:33,070 - INFO - 预测股票: 海康威视(002415)
2026-01-14 00:02:33,070 - INFO - ============================================================
2026-01-14 00:02:33,084 - ERROR - 准备训练数据失败: 1146 (42S02): Table 'stock_analysis.price_news_correlation' doesn't exist
2026-01-14 00:02:33,087 - WARNING - 股票 海康威视 数据不足,无法预测
2026-01-14 00:02:33,087 - WARNING - 股票 海康威视(002415) 预测失败
2026-01-14 00:02:33,087 - INFO - 
============================================================
2026-01-14 00:02:33,087 - INFO - 预测股票: 紫光股份(000938)
2026-01-14 00:02:33,087 - INFO - ============================================================
2026-01-14 00:02:33,098 - ERROR - 准备训练数据失败: 1146 (42S02): Table 'stock_analysis.price_news_correlation' doesn't exist
2026-01-14 00:02:33,099 - WARNING - 股票 紫光股份 数据不足,无法预测
2026-01-14 00:02:33,099 - WARNING - 股票 紫光股份(000938) 预测失败
2026-01-14 00:02:33,100 - INFO - 
============================================================
2026-01-14 00:02:33,100 - INFO - 预测股票: 中科曙光(603019)
2026-01-14 00:02:33,100 - INFO - ============================================================
2026-01-14 00:02:33,112 - ERROR - 准备训练数据失败: 1146 (42S02): Table 'stock_analysis.price_news_correlation' doesn't exist
2026-01-14 00:02:33,113 - WARNING - 股票 中科曙光 数据不足,无法预测
2026-01-14 00:02:33,113 - WARNING - 股票 中科曙光(603019) 预测失败
2026-01-14 00:02:33,113 - INFO - 
============================================================
2026-01-14 00:02:33,113 - INFO - 预测股票: 广联达(002410)
2026-01-14 00:02:33,113 - INFO - ============================================================
2026-01-14 00:02:33,126 - ERROR - 准备训练数据失败: 1146 (42S02): Table 'stock_analysis.price_news_correlation' doesn't exist
2026-01-14 00:02:33,129 - WARNING - 股票 广联达 数据不足,无法预测
2026-01-14 00:02:33,129 - WARNING - 股票 广联达(002410) 预测失败
2026-01-14 00:02:33,129 - INFO - 
============================================================
2026-01-14 00:02:33,129 - INFO - 预测股票: 宁德时代(300750)
2026-01-14 00:02:33,129 - INFO - ============================================================
2026-01-14 00:02:33,140 - ERROR - 准备训练数据失败: 1146 (42S02): Table 'stock_analysis.price_news_correlation' doesn't exist
2026-01-14 00:02:33,144 - WARNING - 股票 宁德时代 数据不足,无法预测
2026-01-14 00:02:33,144 - WARNING - 股票 宁德时代(300750) 预测失败
2026-01-14 00:02:33,144 - INFO - 
============================================================
2026-01-14 00:02:33,145 - INFO - 预测股票: 比亚迪(002594)
2026-01-14 00:02:33,145 - INFO - ============================================================
2026-01-14 00:02:33,155 - ERROR - 准备训练数据失败: 1146 (42S02): Table 'stock_analysis.price_news_correlation' doesn't exist
2026-01-14 00:02:33,157 - WARNING - 股票 比亚迪 数据不足,无法预测
2026-01-14 00:02:33,157 - WARNING - 股票 比亚迪(002594) 预测失败
2026-01-14 00:02:33,157 - INFO - 
============================================================
2026-01-14 00:02:33,157 - INFO - 预测股票: 隆基绿能(601012)
2026-01-14 00:02:33,157 - INFO - ============================================================
2026-01-14 00:02:33,168 - ERROR - 准备训练数据失败: 1146 (42S02): Table 'stock_analysis.price_news_correlation' doesn't exist
2026-01-14 00:02:33,168 - WARNING - 股票 隆基绿能 数据不足,无法预测
2026-01-14 00:02:33,171 - WARNING - 股票 隆基绿能(601012) 预测失败
2026-01-14 00:02:33,171 - INFO - 
============================================================
2026-01-14 00:02:33,171 - INFO - 预测股票: 阳光电源(300274)
2026-01-14 00:02:33,171 - INFO - ============================================================
2026-01-14 00:02:33,182 - ERROR - 准备训练数据失败: 1146 (42S02): Table 'stock_analysis.price_news_correlation' doesn't exist
2026-01-14 00:02:33,183 - WARNING - 股票 阳光电源 数据不足,无法预测
2026-01-14 00:02:33,184 - WARNING - 股票 阳光电源(300274) 预测失败
2026-01-14 00:02:33,184 - INFO - 
============================================================
2026-01-14 00:02:33,184 - INFO - 预测股票: 招商银行(600036)
2026-01-14 00:02:33,184 - INFO - ============================================================
2026-01-14 00:02:33,193 - ERROR - 准备训练数据失败: 1146 (42S02): Table 'stock_analysis.price_news_correlation' doesn't exist
2026-01-14 00:02:33,194 - WARNING - 股票 招商银行 数据不足,无法预测
2026-01-14 00:02:33,194 - WARNING - 股票 招商银行(600036) 预测失败
2026-01-14 00:02:33,195 - INFO - 
============================================================
2026-01-14 00:02:33,195 - INFO - 预测股票: 工商银行(601398)
2026-01-14 00:02:33,195 - INFO - ============================================================
2026-01-14 00:02:33,203 - ERROR - 准备训练数据失败: 1146 (42S02): Table 'stock_analysis.price_news_correlation' doesn't exist
2026-01-14 00:02:33,208 - WARNING - 股票 工商银行 数据不足,无法预测
2026-01-14 00:02:33,208 - WARNING - 股票 工商银行(601398) 预测失败
2026-01-14 00:02:33,208 - INFO - 
============================================================
2026-01-14 00:02:33,208 - INFO - 预测股票: 中国联通(600050)
2026-01-14 00:02:33,208 - INFO - ============================================================
2026-01-14 00:02:33,221 - ERROR - 准备训练数据失败: 1146 (42S02): Table 'stock_analysis.price_news_correlation' doesn't exist
2026-01-14 00:02:33,225 - WARNING - 股票 中国联通 数据不足,无法预测
2026-01-14 00:02:33,225 - WARNING - 股票 中国联通(600050) 预测失败
2026-01-14 00:02:33,225 - INFO - 
============================================================
2026-01-14 00:02:33,225 - INFO - 预测股票: 中国石油(601857)
2026-01-14 00:02:33,225 - INFO - ============================================================
2026-01-14 00:02:33,239 - ERROR - 准备训练数据失败: 1146 (42S02): Table 'stock_analysis.price_news_correlation' doesn't exist
2026-01-14 00:02:33,241 - WARNING - 股票 中国石油 数据不足,无法预测
2026-01-14 00:02:33,241 - WARNING - 股票 中国石油(601857) 预测失败
2026-01-14 00:02:33,241 - INFO - 
所有股票预测完成!
2026-01-14 00:02:33,243 - INFO - GPR预测系统结束
2026-01-14 00:07:08,772 - INFO - ============================================================
2026-01-14 00:07:08,772 - INFO - 启动GPR股价预测系统
2026-01-14 00:07:08,778 - INFO - ============================================================
2026-01-14 00:07:08,778 - INFO - 配置文件加载成功
2026-01-14 00:07:08,805 - INFO - GPR预测结果表创建成功
2026-01-14 00:07:08,805 - INFO - 开始预测 20 只股票
2026-01-14 00:07:08,805 - INFO - 
============================================================
2026-01-14 00:07:08,805 - INFO - 预测股票: 中芯国际(688981)
2026-01-14 00:07:08,805 - INFO - ============================================================
2026-01-14 00:07:08,837 - WARNING - 特征矩阵中检测到NaN值，使用0填充
2026-01-14 00:07:08,838 - INFO - 准备训练数据完成: 中芯国际, 样本数: 47, 特征数: 14
2026-01-14 00:07:08,838 - INFO - 使用特征: ['open_price', 'high_price', 'low_price', 'volume', 'change_pct', 'MACD', 'MACD_Hist', 'Signal', 'RSI', 'MA5', 'MA10', 'avg_sentiment', 'news_count', 'avg_correlation']
2026-01-14 00:07:08,840 - INFO - 开始训练GPR模型...
2026-01-14 00:07:09,045 - INFO - GPR模型训练完成, 优化后的核函数: 3.68**2 * RBF(length_scale=19.3) + WhiteKernel(noise_level=0.0144)
2026-01-14 00:07:09,045 - INFO - 预测 中芯国际 2026-01-15: 124.30 ± 1.75
2026-01-14 00:07:09,045 - INFO - 预测 中芯国际 2026-01-16: 124.30 ± 1.75
2026-01-14 00:07:09,045 - INFO - 预测 中芯国际 2026-01-17: 124.30 ± 1.75
2026-01-14 00:07:09,061 - INFO - 预测 中芯国际 2026-01-18: 124.30 ± 1.75
2026-01-14 00:07:09,061 - INFO - 预测 中芯国际 2026-01-19: 124.30 ± 1.75
2026-01-14 00:07:09,067 - INFO - 保存了 5 条预测结果
2026-01-14 00:07:09,068 - INFO - 
============================================================
2026-01-14 00:07:09,068 - INFO - 预测股票: 兆易创新(603986)
2026-01-14 00:07:09,068 - INFO - ============================================================
2026-01-14 00:07:09,080 - WARNING - 特征矩阵中检测到NaN值，使用0填充
2026-01-14 00:07:09,080 - INFO - 准备训练数据完成: 兆易创新, 样本数: 46, 特征数: 14
2026-01-14 00:07:09,080 - INFO - 使用特征: ['open_price', 'high_price', 'low_price', 'volume', 'change_pct', 'MACD', 'MACD_Hist', 'Signal', 'RSI', 'MA5', 'MA10', 'avg_sentiment', 'news_count', 'avg_correlation']
2026-01-14 00:07:09,081 - INFO - 开始训练GPR模型...
2026-01-14 00:07:09,353 - INFO - GPR模型训练完成, 优化后的核函数: 7.36**2 * RBF(length_scale=31.3) + WhiteKernel(noise_level=0.00772)
2026-01-14 00:07:09,353 - INFO - 预测 兆易创新 2026-01-15: 250.01 ± 4.12
2026-01-14 00:07:09,353 - INFO - 预测 兆易创新 2026-01-16: 250.01 ± 4.12
2026-01-14 00:07:09,353 - INFO - 预测 兆易创新 2026-01-17: 250.01 ± 4.12
2026-01-14 00:07:09,353 - INFO - 预测 兆易创新 2026-01-18: 250.01 ± 4.12
2026-01-14 00:07:09,353 - INFO - 预测 兆易创新 2026-01-19: 250.01 ± 4.12
2026-01-14 00:07:09,364 - INFO - 保存了 5 条预测结果
2026-01-14 00:07:09,364 - INFO - 
============================================================
2026-01-14 00:07:09,364 - INFO - 预测股票: 北京君正(300223)
2026-01-14 00:07:09,364 - INFO - ============================================================
2026-01-14 00:07:09,377 - WARNING - 特征矩阵中检测到NaN值，使用0填充
2026-01-14 00:07:09,377 - INFO - 准备训练数据完成: 北京君正, 样本数: 46, 特征数: 14
2026-01-14 00:07:09,377 - INFO - 使用特征: ['open_price', 'high_price', 'low_price', 'volume', 'change_pct', 'MACD', 'MACD_Hist', 'Signal', 'RSI', 'MA5', 'MA10', 'avg_sentiment', 'news_count', 'avg_correlation']
2026-01-14 00:07:09,378 - INFO - 开始训练GPR模型...
2026-01-14 00:07:09,533 - INFO - GPR模型训练完成, 优化后的核函数: 3.44**2 * RBF(length_scale=20.2) + WhiteKernel(noise_level=0.00516)
2026-01-14 00:07:09,534 - INFO - 预测 北京君正 2026-01-15: 117.73 ± 2.44
2026-01-14 00:07:09,535 - INFO - 预测 北京君正 2026-01-16: 117.73 ± 2.44
2026-01-14 00:07:09,535 - INFO - 预测 北京君正 2026-01-17: 117.73 ± 2.44
2026-01-14 00:07:09,536 - INFO - 预测 北京君正 2026-01-18: 117.73 ± 2.44
2026-01-14 00:07:09,536 - INFO - 预测 北京君正 2026-01-19: 117.73 ± 2.44
2026-01-14 00:07:09,540 - INFO - 保存了 5 条预测结果
2026-01-14 00:07:09,541 - INFO - 
============================================================
2026-01-14 00:07:09,541 - INFO - 预测股票: 北方华创(002371)
2026-01-14 00:07:09,541 - INFO - ============================================================
2026-01-14 00:07:09,554 - WARNING - 特征矩阵中检测到NaN值，使用0填充
2026-01-14 00:07:09,554 - INFO - 准备训练数据完成: 北方华创, 样本数: 46, 特征数: 14
2026-01-14 00:07:09,554 - INFO - 使用特征: ['open_price', 'high_price', 'low_price', 'volume', 'change_pct', 'MACD', 'MACD_Hist', 'Signal', 'RSI', 'MA5', 'MA10', 'avg_sentiment', 'news_count', 'avg_correlation']
2026-01-14 00:07:09,558 - INFO - 开始训练GPR模型...
2026-01-14 00:07:09,814 - INFO - GPR模型训练完成, 优化后的核函数: 3.28**2 * RBF(length_scale=18.7) + WhiteKernel(noise_level=0.00434)
2026-01-14 00:07:09,818 - INFO - 预测 北方华创 2026-01-15: 497.42 ± 5.39
2026-01-14 00:07:09,818 - INFO - 预测 北方华创 2026-01-16: 497.42 ± 5.39
2026-01-14 00:07:09,818 - INFO - 预测 北方华创 2026-01-17: 497.42 ± 5.39
2026-01-14 00:07:09,818 - INFO - 预测 北方华创 2026-01-18: 497.42 ± 5.39
2026-01-14 00:07:09,818 - INFO - 预测 北方华创 2026-01-19: 497.42 ± 5.39
2026-01-14 00:07:09,818 - INFO - 保存了 5 条预测结果
2026-01-14 00:07:09,818 - INFO - 
============================================================
2026-01-14 00:07:09,818 - INFO - 预测股票: 卓胜微(300782)
2026-01-14 00:07:09,818 - INFO - ============================================================
2026-01-14 00:07:09,838 - WARNING - 特征矩阵中检测到NaN值，使用0填充
2026-01-14 00:07:09,839 - INFO - 准备训练数据完成: 卓胜微, 样本数: 46, 特征数: 14
2026-01-14 00:07:09,839 - INFO - 使用特征: ['open_price', 'high_price', 'low_price', 'volume', 'change_pct', 'MACD', 'MACD_Hist', 'Signal', 'RSI', 'MA5', 'MA10', 'avg_sentiment', 'news_count', 'avg_correlation']
2026-01-14 00:07:09,840 - INFO - 开始训练GPR模型...
2026-01-14 00:07:10,080 - INFO - GPR模型训练完成, 优化后的核函数: 2.95**2 * RBF(length_scale=15.4) + WhiteKernel(noise_level=0.00232)
2026-01-14 00:07:10,080 - INFO - 预测 卓胜微 2026-01-15: 82.99 ± 0.56
2026-01-14 00:07:10,080 - INFO - 预测 卓胜微 2026-01-16: 82.99 ± 0.56
2026-01-14 00:07:10,080 - INFO - 预测 卓胜微 2026-01-17: 82.99 ± 0.56
2026-01-14 00:07:10,080 - INFO - 预测 卓胜微 2026-01-18: 82.99 ± 0.56
2026-01-14 00:07:10,080 - INFO - 预测 卓胜微 2026-01-19: 82.99 ± 0.56
2026-01-14 00:07:10,080 - INFO - 保存了 5 条预测结果
2026-01-14 00:07:10,080 - INFO - 
============================================================
2026-01-14 00:07:10,080 - INFO - 预测股票: 中微公司(688012)
2026-01-14 00:07:10,080 - INFO - ============================================================
2026-01-14 00:07:10,108 - WARNING - 特征矩阵中检测到NaN值，使用0填充
2026-01-14 00:07:10,109 - INFO - 准备训练数据完成: 中微公司, 样本数: 37, 特征数: 14
2026-01-14 00:07:10,109 - INFO - 使用特征: ['open_price', 'high_price', 'low_price', 'volume', 'change_pct', 'MACD', 'MACD_Hist', 'Signal', 'RSI', 'MA5', 'MA10', 'avg_sentiment', 'news_count', 'avg_correlation']
2026-01-14 00:07:10,110 - INFO - 开始训练GPR模型...
2026-01-14 00:07:10,285 - INFO - GPR模型训练完成, 优化后的核函数: 4.06**2 * RBF(length_scale=22.3) + WhiteKernel(noise_level=0.00502)
2026-01-14 00:07:10,285 - INFO - 预测 中微公司 2026-01-15: 336.60 ± 4.73
2026-01-14 00:07:10,285 - INFO - 预测 中微公司 2026-01-16: 336.60 ± 4.73
2026-01-14 00:07:10,285 - INFO - 预测 中微公司 2026-01-17: 336.60 ± 4.73
2026-01-14 00:07:10,285 - INFO - 预测 中微公司 2026-01-18: 336.60 ± 4.73
2026-01-14 00:07:10,285 - INFO - 预测 中微公司 2026-01-19: 336.60 ± 4.73
2026-01-14 00:07:10,285 - INFO - 保存了 5 条预测结果
2026-01-14 00:07:10,285 - INFO - 
============================================================
2026-01-14 00:07:10,285 - INFO - 预测股票: 科大讯飞(002230)
2026-01-14 00:07:10,285 - INFO - ============================================================
2026-01-14 00:07:10,307 - WARNING - 特征矩阵中检测到NaN值，使用0填充
2026-01-14 00:07:10,308 - INFO - 准备训练数据完成: 科大讯飞, 样本数: 46, 特征数: 14
2026-01-14 00:07:10,308 - INFO - 使用特征: ['open_price', 'high_price', 'low_price', 'volume', 'change_pct', 'MACD', 'MACD_Hist', 'Signal', 'RSI', 'MA5', 'MA10', 'avg_sentiment', 'news_count', 'avg_correlation']
2026-01-14 00:07:10,309 - INFO - 开始训练GPR模型...
2026-01-14 00:07:10,638 - INFO - GPR模型训练完成, 优化后的核函数: 2.53**2 * RBF(length_scale=12.1) + WhiteKernel(noise_level=0.00596)
2026-01-14 00:07:10,639 - INFO - 预测 科大讯飞 2026-01-15: 55.60 ± 0.38
2026-01-14 00:07:10,639 - INFO - 预测 科大讯飞 2026-01-16: 55.60 ± 0.38
2026-01-14 00:07:10,640 - INFO - 预测 科大讯飞 2026-01-17: 55.60 ± 0.38
2026-01-14 00:07:10,640 - INFO - 预测 科大讯飞 2026-01-18: 55.60 ± 0.38
2026-01-14 00:07:10,641 - INFO - 预测 科大讯飞 2026-01-19: 55.60 ± 0.38
2026-01-14 00:07:10,645 - INFO - 保存了 5 条预测结果
2026-01-14 00:07:10,645 - INFO - 
============================================================
2026-01-14 00:07:10,645 - INFO - 预测股票: 中科创达(300496)
2026-01-14 00:07:10,647 - INFO - ============================================================
2026-01-14 00:07:10,652 - WARNING - 特征矩阵中检测到NaN值，使用0填充
2026-01-14 00:07:10,652 - INFO - 准备训练数据完成: 中科创达, 样本数: 46, 特征数: 14
2026-01-14 00:07:10,652 - INFO - 使用特征: ['open_price', 'high_price', 'low_price', 'volume', 'change_pct', 'MACD', 'MACD_Hist', 'Signal', 'RSI', 'MA5', 'MA10', 'avg_sentiment', 'news_count', 'avg_correlation']
2026-01-14 00:07:10,661 - INFO - 开始训练GPR模型...
2026-01-14 00:07:10,942 - INFO - GPR模型训练完成, 优化后的核函数: 7.08**2 * RBF(length_scale=38.2) + WhiteKernel(noise_level=0.00701)
2026-01-14 00:07:10,943 - INFO - 预测 中科创达 2026-01-15: 74.91 ± 0.66
2026-01-14 00:07:10,943 - INFO - 预测 中科创达 2026-01-16: 74.91 ± 0.66
2026-01-14 00:07:10,944 - INFO - 预测 中科创达 2026-01-17: 74.91 ± 0.66
2026-01-14 00:07:10,944 - INFO - 预测 中科创达 2026-01-18: 74.91 ± 0.66
2026-01-14 00:07:10,945 - INFO - 预测 中科创达 2026-01-19: 74.91 ± 0.66
2026-01-14 00:07:10,952 - INFO - 保存了 5 条预测结果
2026-01-14 00:07:10,953 - INFO - 
============================================================
2026-01-14 00:07:10,953 - INFO - 预测股票: 海康威视(002415)
2026-01-14 00:07:10,953 - INFO - ============================================================
2026-01-14 00:07:10,965 - WARNING - 特征矩阵中检测到NaN值，使用0填充
2026-01-14 00:07:10,966 - INFO - 准备训练数据完成: 海康威视, 样本数: 47, 特征数: 14
2026-01-14 00:07:10,967 - INFO - 使用特征: ['open_price', 'high_price', 'low_price', 'volume', 'change_pct', 'MACD', 'MACD_Hist', 'Signal', 'RSI', 'MA5', 'MA10', 'avg_sentiment', 'news_count', 'avg_correlation']
2026-01-14 00:07:10,967 - INFO - 开始训练GPR模型...
2026-01-14 00:07:11,234 - INFO - GPR模型训练完成, 优化后的核函数: 5.19**2 * RBF(length_scale=28.7) + WhiteKernel(noise_level=0.00721)
2026-01-14 00:07:11,234 - INFO - 预测 海康威视 2026-01-15: 30.87 ± 0.18
2026-01-14 00:07:11,235 - INFO - 预测 海康威视 2026-01-16: 30.87 ± 0.18
2026-01-14 00:07:11,235 - INFO - 预测 海康威视 2026-01-17: 30.87 ± 0.18
2026-01-14 00:07:11,236 - INFO - 预测 海康威视 2026-01-18: 30.87 ± 0.18
2026-01-14 00:07:11,236 - INFO - 预测 海康威视 2026-01-19: 30.87 ± 0.18
2026-01-14 00:07:11,240 - INFO - 保存了 5 条预测结果
2026-01-14 00:07:11,240 - INFO - 
============================================================
2026-01-14 00:07:11,241 - INFO - 预测股票: 紫光股份(000938)
2026-01-14 00:07:11,241 - INFO - ============================================================
2026-01-14 00:07:11,253 - WARNING - 特征矩阵中检测到NaN值，使用0填充
2026-01-14 00:07:11,253 - INFO - 准备训练数据完成: 紫光股份, 样本数: 46, 特征数: 14
2026-01-14 00:07:11,253 - INFO - 使用特征: ['open_price', 'high_price', 'low_price', 'volume', 'change_pct', 'MACD', 'MACD_Hist', 'Signal', 'RSI', 'MA5', 'MA10', 'avg_sentiment', 'news_count', 'avg_correlation']
2026-01-14 00:07:11,256 - INFO - 开始训练GPR模型...
2026-01-14 00:07:11,540 - INFO - GPR模型训练完成, 优化后的核函数: 2.81**2 * RBF(length_scale=13.9) + WhiteKernel(noise_level=0.014)
2026-01-14 00:07:11,540 - INFO - 预测 紫光股份 2026-01-15: 25.91 ± 0.21
2026-01-14 00:07:11,541 - INFO - 预测 紫光股份 2026-01-16: 25.91 ± 0.21
2026-01-14 00:07:11,542 - INFO - 预测 紫光股份 2026-01-17: 25.91 ± 0.21
2026-01-14 00:07:11,542 - INFO - 预测 紫光股份 2026-01-18: 25.91 ± 0.21
2026-01-14 00:07:11,543 - INFO - 预测 紫光股份 2026-01-19: 25.91 ± 0.21
2026-01-14 00:07:11,547 - INFO - 保存了 5 条预测结果
2026-01-14 00:07:11,547 - INFO - 
============================================================
2026-01-14 00:07:11,547 - INFO - 预测股票: 中科曙光(603019)
2026-01-14 00:07:11,547 - INFO - ============================================================
2026-01-14 00:07:11,554 - WARNING - 特征矩阵中检测到NaN值，使用0填充
2026-01-14 00:07:11,554 - INFO - 准备训练数据完成: 中科曙光, 样本数: 46, 特征数: 14
2026-01-14 00:07:11,554 - INFO - 使用特征: ['open_price', 'high_price', 'low_price', 'volume', 'change_pct', 'MACD', 'MACD_Hist', 'Signal', 'RSI', 'MA5', 'MA10', 'avg_sentiment', 'news_count', 'avg_correlation']
2026-01-14 00:07:11,563 - INFO - 开始训练GPR模型...
2026-01-14 00:07:11,804 - INFO - GPR模型训练完成, 优化后的核函数: 3.8**2 * RBF(length_scale=22.5) + WhiteKernel(noise_level=0.00732)
2026-01-14 00:07:11,805 - INFO - 预测 中科曙光 2026-01-15: 93.33 ± 1.89
2026-01-14 00:07:11,805 - INFO - 预测 中科曙光 2026-01-16: 93.33 ± 1.89
2026-01-14 00:07:11,806 - INFO - 预测 中科曙光 2026-01-17: 93.33 ± 1.89
2026-01-14 00:07:11,806 - INFO - 预测 中科曙光 2026-01-18: 93.33 ± 1.89
2026-01-14 00:07:11,807 - INFO - 预测 中科曙光 2026-01-19: 93.33 ± 1.89
2026-01-14 00:07:11,810 - INFO - 保存了 5 条预测结果
2026-01-14 00:07:11,810 - INFO - 
============================================================
2026-01-14 00:07:11,810 - INFO - 预测股票: 广联达(002410)
2026-01-14 00:07:11,810 - INFO - ============================================================
2026-01-14 00:07:11,823 - WARNING - 特征矩阵中检测到NaN值，使用0填充
2026-01-14 00:07:11,823 - INFO - 准备训练数据完成: 广联达, 样本数: 46, 特征数: 14
2026-01-14 00:07:11,824 - INFO - 使用特征: ['open_price', 'high_price', 'low_price', 'volume', 'change_pct', 'MACD', 'MACD_Hist', 'Signal', 'RSI', 'MA5', 'MA10', 'avg_sentiment', 'news_count', 'avg_correlation']
2026-01-14 00:07:11,825 - INFO - 开始训练GPR模型...
2026-01-14 00:07:12,082 - INFO - GPR模型训练完成, 优化后的核函数: 5.23**2 * RBF(length_scale=28.6) + WhiteKernel(noise_level=0.00429)
2026-01-14 00:07:12,082 - INFO - 预测 广联达 2026-01-15: 13.13 ± 0.12
2026-01-14 00:07:12,083 - INFO - 预测 广联达 2026-01-16: 13.13 ± 0.12
2026-01-14 00:07:12,084 - INFO - 预测 广联达 2026-01-17: 13.13 ± 0.12
2026-01-14 00:07:12,084 - INFO - 预测 广联达 2026-01-18: 13.13 ± 0.12
2026-01-14 00:07:12,084 - INFO - 预测 广联达 2026-01-19: 13.13 ± 0.12
2026-01-14 00:07:12,084 - INFO - 保存了 5 条预测结果
2026-01-14 00:07:12,084 - INFO - 
============================================================
2026-01-14 00:07:12,084 - INFO - 预测股票: 宁德时代(300750)
2026-01-14 00:07:12,094 - INFO - ============================================================
2026-01-14 00:07:12,106 - WARNING - 特征矩阵中检测到NaN值，使用0填充
2026-01-14 00:07:12,106 - INFO - 准备训练数据完成: 宁德时代, 样本数: 46, 特征数: 14
2026-01-14 00:07:12,107 - INFO - 使用特征: ['open_price', 'high_price', 'low_price', 'volume', 'change_pct', 'MACD', 'MACD_Hist', 'Signal', 'RSI', 'MA5', 'MA10', 'avg_sentiment', 'news_count', 'avg_correlation']
2026-01-14 00:07:12,108 - INFO - 开始训练GPR模型...
2026-01-14 00:07:12,402 - INFO - GPR模型训练完成, 优化后的核函数: 2.13**2 * RBF(length_scale=6.6) + WhiteKernel(noise_level=0.0106)
2026-01-14 00:07:12,403 - INFO - 预测 宁德时代 2026-01-15: 369.27 ± 2.89
2026-01-14 00:07:12,404 - INFO - 预测 宁德时代 2026-01-16: 369.27 ± 2.89
2026-01-14 00:07:12,404 - INFO - 预测 宁德时代 2026-01-17: 369.27 ± 2.89
2026-01-14 00:07:12,405 - INFO - 预测 宁德时代 2026-01-18: 369.27 ± 2.89
2026-01-14 00:07:12,406 - INFO - 预测 宁德时代 2026-01-19: 369.27 ± 2.89
2026-01-14 00:07:12,413 - INFO - 保存了 5 条预测结果
2026-01-14 00:07:12,414 - INFO - 
============================================================
2026-01-14 00:07:12,414 - INFO - 预测股票: 比亚迪(002594)
2026-01-14 00:07:12,415 - INFO - ============================================================
2026-01-14 00:07:12,429 - WARNING - 特征矩阵中检测到NaN值，使用0填充
2026-01-14 00:07:12,429 - INFO - 准备训练数据完成: 比亚迪, 样本数: 45, 特征数: 14
2026-01-14 00:07:12,429 - INFO - 使用特征: ['open_price', 'high_price', 'low_price', 'volume', 'change_pct', 'MACD', 'MACD_Hist', 'Signal', 'RSI', 'MA5', 'MA10', 'avg_sentiment', 'news_count', 'avg_correlation']
2026-01-14 00:07:12,431 - INFO - 开始训练GPR模型...
2026-01-14 00:07:12,681 - INFO - GPR模型训练完成, 优化后的核函数: 3.42**2 * RBF(length_scale=16.6) + WhiteKernel(noise_level=0.0179)
2026-01-14 00:07:12,682 - INFO - 预测 比亚迪 2026-01-15: 96.59 ± 0.61
2026-01-14 00:07:12,683 - INFO - 预测 比亚迪 2026-01-16: 96.59 ± 0.61
2026-01-14 00:07:12,683 - INFO - 预测 比亚迪 2026-01-17: 96.59 ± 0.61
2026-01-14 00:07:12,684 - INFO - 预测 比亚迪 2026-01-18: 96.59 ± 0.61
2026-01-14 00:07:12,684 - INFO - 预测 比亚迪 2026-01-19: 96.59 ± 0.61
2026-01-14 00:07:12,687 - INFO - 保存了 5 条预测结果
2026-01-14 00:07:12,688 - INFO - 
============================================================
2026-01-14 00:07:12,688 - INFO - 预测股票: 隆基绿能(601012)
2026-01-14 00:07:12,688 - INFO - ============================================================
2026-01-14 00:07:12,700 - WARNING - 特征矩阵中检测到NaN值，使用0填充
2026-01-14 00:07:12,701 - INFO - 准备训练数据完成: 隆基绿能, 样本数: 46, 特征数: 14
2026-01-14 00:07:12,701 - INFO - 使用特征: ['open_price', 'high_price', 'low_price', 'volume', 'change_pct', 'MACD', 'MACD_Hist', 'Signal', 'RSI', 'MA5', 'MA10', 'avg_sentiment', 'news_count', 'avg_correlation']
2026-01-14 00:07:12,702 - INFO - 开始训练GPR模型...
2026-01-14 00:07:12,894 - INFO - GPR模型训练完成, 优化后的核函数: 1.61**2 * RBF(length_scale=9.94) + WhiteKernel(noise_level=0.00162)
2026-01-14 00:07:12,894 - INFO - 预测 隆基绿能 2026-01-15: 18.39 ± 0.17
2026-01-14 00:07:12,895 - INFO - 预测 隆基绿能 2026-01-16: 18.39 ± 0.17
2026-01-14 00:07:12,895 - INFO - 预测 隆基绿能 2026-01-17: 18.39 ± 0.17
2026-01-14 00:07:12,896 - INFO - 预测 隆基绿能 2026-01-18: 18.39 ± 0.17
2026-01-14 00:07:12,896 - INFO - 预测 隆基绿能 2026-01-19: 18.39 ± 0.17
2026-01-14 00:07:12,900 - INFO - 保存了 5 条预测结果
2026-01-14 00:07:12,900 - INFO - 
============================================================
2026-01-14 00:07:12,900 - INFO - 预测股票: 阳光电源(300274)
2026-01-14 00:07:12,900 - INFO - ============================================================
2026-01-14 00:07:12,915 - WARNING - 特征矩阵中检测到NaN值，使用0填充
2026-01-14 00:07:12,915 - INFO - 准备训练数据完成: 阳光电源, 样本数: 46, 特征数: 14
2026-01-14 00:07:12,915 - INFO - 使用特征: ['open_price', 'high_price', 'low_price', 'volume', 'change_pct', 'MACD', 'MACD_Hist', 'Signal', 'RSI', 'MA5', 'MA10', 'avg_sentiment', 'news_count', 'avg_correlation']
2026-01-14 00:07:12,916 - INFO - 开始训练GPR模型...
2026-01-14 00:07:13,142 - INFO - GPR模型训练完成, 优化后的核函数: 2.32**2 * RBF(length_scale=12.8) + WhiteKernel(noise_level=0.0157)
2026-01-14 00:07:13,143 - INFO - 预测 阳光电源 2026-01-15: 169.08 ± 3.46
2026-01-14 00:07:13,143 - INFO - 预测 阳光电源 2026-01-16: 169.08 ± 3.46
2026-01-14 00:07:13,144 - INFO - 预测 阳光电源 2026-01-17: 169.08 ± 3.46
2026-01-14 00:07:13,144 - INFO - 预测 阳光电源 2026-01-18: 169.08 ± 3.46
2026-01-14 00:07:13,145 - INFO - 预测 阳光电源 2026-01-19: 169.08 ± 3.46
2026-01-14 00:07:13,149 - INFO - 保存了 5 条预测结果
2026-01-14 00:07:13,150 - INFO - 
============================================================
2026-01-14 00:07:13,150 - INFO - 预测股票: 招商银行(600036)
2026-01-14 00:07:13,150 - INFO - ============================================================
2026-01-14 00:07:13,161 - WARNING - 特征矩阵中检测到NaN值，使用0填充
2026-01-14 00:07:13,161 - INFO - 准备训练数据完成: 招商银行, 样本数: 46, 特征数: 14
2026-01-14 00:07:13,161 - INFO - 使用特征: ['open_price', 'high_price', 'low_price', 'volume', 'change_pct', 'MACD', 'MACD_Hist', 'Signal', 'RSI', 'MA5', 'MA10', 'avg_sentiment', 'news_count', 'avg_correlation']
2026-01-14 00:07:13,164 - INFO - 开始训练GPR模型...
2026-01-14 00:07:13,368 - INFO - GPR模型训练完成, 优化后的核函数: 1.86**2 * RBF(length_scale=9.91) + WhiteKernel(noise_level=0.0128)
2026-01-14 00:07:13,368 - INFO - 预测 招商银行 2026-01-15: 41.30 ± 0.20
2026-01-14 00:07:13,369 - INFO - 预测 招商银行 2026-01-16: 41.30 ± 0.20
2026-01-14 00:07:13,370 - INFO - 预测 招商银行 2026-01-17: 41.30 ± 0.20
2026-01-14 00:07:13,370 - INFO - 预测 招商银行 2026-01-18: 41.30 ± 0.20
2026-01-14 00:07:13,371 - INFO - 预测 招商银行 2026-01-19: 41.30 ± 0.20
2026-01-14 00:07:13,378 - INFO - 保存了 5 条预测结果
2026-01-14 00:07:13,378 - INFO - 
============================================================
2026-01-14 00:07:13,378 - INFO - 预测股票: 工商银行(601398)
2026-01-14 00:07:13,379 - INFO - ============================================================
2026-01-14 00:07:13,392 - WARNING - 特征矩阵中检测到NaN值，使用0填充
2026-01-14 00:07:13,392 - INFO - 准备训练数据完成: 工商银行, 样本数: 46, 特征数: 14
2026-01-14 00:07:13,392 - INFO - 使用特征: ['open_price', 'high_price', 'low_price', 'volume', 'change_pct', 'MACD', 'MACD_Hist', 'Signal', 'RSI', 'MA5', 'MA10', 'avg_sentiment', 'news_count', 'avg_correlation']
2026-01-14 00:07:13,392 - INFO - 开始训练GPR模型...
2026-01-14 00:07:13,577 - INFO - GPR模型训练完成, 优化后的核函数: 3.52**2 * RBF(length_scale=17.3) + WhiteKernel(noise_level=0.00539)
2026-01-14 00:07:13,578 - INFO - 预测 工商银行 2026-01-15: 7.71 ± 0.03
2026-01-14 00:07:13,578 - INFO - 预测 工商银行 2026-01-16: 7.71 ± 0.03
2026-01-14 00:07:13,579 - INFO - 预测 工商银行 2026-01-17: 7.71 ± 0.03
2026-01-14 00:07:13,580 - INFO - 预测 工商银行 2026-01-18: 7.71 ± 0.03
2026-01-14 00:07:13,580 - INFO - 预测 工商银行 2026-01-19: 7.71 ± 0.03
2026-01-14 00:07:13,584 - INFO - 保存了 5 条预测结果
2026-01-14 00:07:13,585 - INFO - 
============================================================
2026-01-14 00:07:13,585 - INFO - 预测股票: 中国联通(600050)
2026-01-14 00:07:13,585 - INFO - ============================================================
2026-01-14 00:07:13,591 - WARNING - 特征矩阵中检测到NaN值，使用0填充
2026-01-14 00:07:13,591 - INFO - 准备训练数据完成: 中国联通, 样本数: 46, 特征数: 14
2026-01-14 00:07:13,591 - INFO - 使用特征: ['open_price', 'high_price', 'low_price', 'volume', 'change_pct', 'MACD', 'MACD_Hist', 'Signal', 'RSI', 'MA5', 'MA10', 'avg_sentiment', 'news_count', 'avg_correlation']
2026-01-14 00:07:13,591 - INFO - 开始训练GPR模型...
2026-01-14 00:07:13,801 - INFO - GPR模型训练完成, 优化后的核函数: 6.1**2 * RBF(length_scale=32.3) + WhiteKernel(noise_level=0.00235)
2026-01-14 00:07:13,802 - INFO - 预测 中国联通 2026-01-15: 5.42 ± 0.02
2026-01-14 00:07:13,803 - INFO - 预测 中国联通 2026-01-16: 5.42 ± 0.02
2026-01-14 00:07:13,804 - INFO - 预测 中国联通 2026-01-17: 5.42 ± 0.02
2026-01-14 00:07:13,804 - INFO - 预测 中国联通 2026-01-18: 5.42 ± 0.02
2026-01-14 00:07:13,805 - INFO - 预测 中国联通 2026-01-19: 5.42 ± 0.02
2026-01-14 00:07:13,805 - INFO - 保存了 5 条预测结果
2026-01-14 00:07:13,805 - INFO - 
============================================================
2026-01-14 00:07:13,805 - INFO - 预测股票: 中国石油(601857)
2026-01-14 00:07:13,805 - INFO - ============================================================
2026-01-14 00:07:13,824 - WARNING - 特征矩阵中检测到NaN值，使用0填充
2026-01-14 00:07:13,824 - INFO - 准备训练数据完成: 中国石油, 样本数: 46, 特征数: 14
2026-01-14 00:07:13,824 - INFO - 使用特征: ['open_price', 'high_price', 'low_price', 'volume', 'change_pct', 'MACD', 'MACD_Hist', 'Signal', 'RSI', 'MA5', 'MA10', 'avg_sentiment', 'news_count', 'avg_correlation']
2026-01-14 00:07:13,825 - INFO - 开始训练GPR模型...
2026-01-14 00:07:14,038 - INFO - GPR模型训练完成, 优化后的核函数: 5.03**2 * RBF(length_scale=25.7) + WhiteKernel(noise_level=0.0205)
2026-01-14 00:07:14,053 - INFO - 预测 中国石油 2026-01-15: 9.87 ± 0.08
2026-01-14 00:07:14,054 - INFO - 预测 中国石油 2026-01-16: 9.87 ± 0.08
2026-01-14 00:07:14,054 - INFO - 预测 中国石油 2026-01-17: 9.87 ± 0.08
2026-01-14 00:07:14,055 - INFO - 预测 中国石油 2026-01-18: 9.87 ± 0.08
2026-01-14 00:07:14,055 - INFO - 预测 中国石油 2026-01-19: 9.87 ± 0.08
2026-01-14 00:07:14,060 - INFO - 保存了 5 条预测结果
2026-01-14 00:07:14,060 - INFO - 
所有股票预测完成!
2026-01-14 00:07:14,061 - INFO - GPR预测系统结束
